<?xml version="1.0" encoding="UTF-8"?>
<!-- Generated by org.testng.reporters.JUnitReportReporter -->
<testsuite hostname="DESKTOP-6IUGFCO" failures="0" tests="3" name="com.testNG.simple.testNGtest" time="0.029" errors="0" timestamp="2024-06-17T22:34:08 EDT" skipped="0">
  <testcase classname="com.testNG.simple.testNGtest" name="testscript_3" time="0.005"/>
  <system-out/>
  <testcase classname="com.testNG.simple.testNGtest" name="testscript_1" time="0.020"/>
  <system-out/>
  <testcase classname="com.testNG.simple.testNGtest" name="testscript_2" time="0.004"/>
  <system-out/>
</testsuite> <!-- com.testNG.simple.testNGtest -->
